TN:
SF:/Users/fhenri/red-tetris/src/client/actions/activation.js
FN:1,activation
FNF:1
FNH:1
FNDA:1,activation
DA:1,2
LF:1
LH:1
BRF:0
BRH:0
end_of_record
TN:
SF:/Users/fhenri/red-tetris/src/client/actions/clearMessage.js
FN:1,clearMessage
FNF:1
FNH:1
FNDA:1,clearMessage
DA:1,2
LF:1
LH:1
BRF:0
BRH:0
end_of_record
TN:
SF:/Users/fhenri/red-tetris/src/client/actions/disactivation.js
FN:1,disactivation
FNF:1
FNH:1
FNDA:1,disactivation
DA:1,2
LF:1
LH:1
BRF:0
BRH:0
end_of_record
TN:
SF:/Users/fhenri/red-tetris/src/client/actions/disconnect.js
FN:1,disconnect
FNF:1
FNH:1
FNDA:1,disconnect
DA:1,2
LF:1
LH:1
BRF:0
BRH:0
end_of_record
TN:
SF:/Users/fhenri/red-tetris/src/client/actions/getGames.js
FN:1,getGames
FNF:1
FNH:1
FNDA:1,getGames
DA:1,2
LF:1
LH:1
BRF:0
BRH:0
end_of_record
TN:
SF:/Users/fhenri/red-tetris/src/client/actions/giveMalus.js
FN:1,giveMalus
FNF:1
FNH:1
FNDA:1,giveMalus
DA:1,2
LF:1
LH:1
BRF:0
BRH:0
end_of_record
TN:
SF:/Users/fhenri/red-tetris/src/client/actions/loseGame.js
FN:1,loseGame
FNF:1
FNH:1
FNDA:1,loseGame
DA:1,2
LF:1
LH:1
BRF:0
BRH:0
end_of_record
TN:
SF:/Users/fhenri/red-tetris/src/client/actions/moveLine.js
FN:1,moveLine
FNF:1
FNH:1
FNDA:1,moveLine
DA:1,2
LF:1
LH:1
BRF:0
BRH:0
end_of_record
TN:
SF:/Users/fhenri/red-tetris/src/client/actions/newPlayer.js
FN:1,newPlayer
FNF:1
FNH:1
FNDA:1,newPlayer
DA:1,2
LF:1
LH:1
BRF:0
BRH:0
end_of_record
TN:
SF:/Users/fhenri/red-tetris/src/client/actions/nextTurn.js
FN:1,nextTurn
FNF:1
FNH:1
FNDA:1,nextTurn
DA:1,2
LF:1
LH:1
BRF:0
BRH:0
end_of_record
TN:
SF:/Users/fhenri/red-tetris/src/client/actions/openModal.js
FN:1,openModal
FNF:1
FNH:1
FNDA:1,openModal
DA:1,2
LF:1
LH:1
BRF:0
BRH:0
end_of_record
TN:
SF:/Users/fhenri/red-tetris/src/client/actions/posePiece.js
FN:1,posePiece
FNF:1
FNH:1
FNDA:1,posePiece
DA:1,2
LF:1
LH:1
BRF:0
BRH:0
end_of_record
TN:
SF:/Users/fhenri/red-tetris/src/client/actions/restartGame.js
FN:1,restartGame
FNF:1
FNH:1
FNDA:1,restartGame
DA:1,2
LF:1
LH:1
BRF:0
BRH:0
end_of_record
TN:
SF:/Users/fhenri/red-tetris/src/client/actions/startGame.js
FN:1,startGame
FNF:1
FNH:1
FNDA:1,startGame
DA:1,2
LF:1
LH:1
BRF:0
BRH:0
end_of_record
TN:
SF:/Users/fhenri/red-tetris/src/client/actions/startInterval.js
FN:1,startInterval
FNF:1
FNH:1
FNDA:1,startInterval
DA:1,2
LF:1
LH:1
BRF:0
BRH:0
end_of_record
TN:
SF:/Users/fhenri/red-tetris/src/client/actions/tetriMove.js
FN:1,tetriMove
FNF:1
FNH:1
FNDA:1,tetriMove
DA:1,2
LF:1
LH:1
BRF:0
BRH:0
end_of_record
TN:
SF:/Users/fhenri/red-tetris/src/client/actions/tetriRotate.js
FN:1,tetriRotate
FNF:1
FNH:1
FNDA:1,tetriRotate
DA:1,2
LF:1
LH:1
BRF:0
BRH:0
end_of_record
TN:
SF:/Users/fhenri/red-tetris/src/client/components/boardGame/index.js
FN:28,moveDown
FN:56,moveForce
FN:86,moveLeft
FN:99,moveRight
FN:112,moveRotate
FN:127,boardGame
FN:147,onKey
FN:160,(anonymous_9)
FN:173,(anonymous_13)
FN:177,(anonymous_14)
FN:201,mapStateToProps
FN:258,mapDispatchToProps
FN:275,(anonymous_32)
FN:284,(anonymous_34)
FN:292,(anonymous_35)
FNF:15
FNH:1
FNDA:0,moveDown
FNDA:0,moveForce
FNDA:0,moveLeft
FNDA:0,moveRight
FNDA:0,moveRotate
FNDA:0,boardGame
FNDA:0,onKey
FNDA:0,(anonymous_9)
FNDA:0,(anonymous_13)
FNDA:0,(anonymous_14)
FNDA:0,mapStateToProps
FNDA:0,mapDispatchToProps
FNDA:0,(anonymous_32)
FNDA:0,(anonymous_34)
FNDA:0,(anonymous_35)
DA:44,0
DA:73,0
DA:74,0
DA:96,0
DA:109,0
DA:124,0
DA:148,0
DA:149,0
DA:150,0
DA:151,0
DA:152,0
DA:178,0
DA:201,2
DA:258,2
DA:309,0
DA:311,0
DA:314,0
DA:315,0
DA:317,0
DA:320,0
LF:20
LH:2
BRDA:44,1,0,0
BRDA:44,1,1,0
BRDA:73,2,0,0
BRDA:73,2,1,0
BRDA:74,3,0,0
BRDA:74,3,1,0
BRDA:96,4,0,0
BRDA:96,4,1,0
BRDA:109,5,0,0
BRDA:109,5,1,0
BRDA:124,6,0,0
BRDA:124,6,1,0
BRDA:148,7,0,0
BRDA:148,7,1,0
BRDA:149,8,0,0
BRDA:149,8,1,0
BRDA:150,9,0,0
BRDA:150,9,1,0
BRDA:151,10,0,0
BRDA:151,10,1,0
BRDA:152,11,0,0
BRDA:152,11,1,0
BRDA:157,12,0,0
BRDA:163,13,0,0
BRDA:163,13,1,0
BRDA:171,14,0,0
BRDA:171,14,1,0
BRDA:174,15,0,0
BRDA:174,15,1,0
BRDA:175,16,0,0
BRDA:175,16,1,0
BRDA:175,17,0,0
BRDA:175,17,1,0
BRDA:178,18,0,0
BRDA:178,18,1,0
BRDA:188,19,0,0
BRDA:188,19,1,0
BRDA:189,20,0,0
BRDA:194,21,0,0
BRDA:194,21,1,0
BRDA:194,21,2,0
BRDA:195,22,0,0
BRDA:195,22,1,0
BRDA:309,23,0,0
BRDA:309,23,1,0
BRDA:309,24,0,0
BRDA:309,24,1,0
BRDA:311,25,0,0
BRDA:311,25,1,0
BRDA:311,26,0,0
BRDA:311,26,1,0
BRDA:314,27,0,0
BRDA:314,27,1,0
BRDA:315,28,0,0
BRDA:315,28,1,0
BRDA:317,29,0,0
BRDA:317,29,1,0
BRDA:320,30,0,0
BRDA:320,30,1,0
BRF:59
BRH:0
end_of_record
TN:
SF:/Users/fhenri/red-tetris/src/client/components/room/index.js
FN:8,Room
FN:32,mapStateToProps
FN:41,mapDispatchToProps
FNF:3
FNH:2
FNDA:2,Room
FNDA:0,mapStateToProps
FNDA:0,mapDispatchToProps
LF:0
LH:0
BRDA:23,1,0,1
BRDA:23,1,1,1
BRDA:23,2,0,1
BRDA:23,2,1,1
BRF:4
BRH:4
end_of_record
TN:
SF:/Users/fhenri/red-tetris/src/client/components/serverPage/index.js
FN:23,ServerPage
FN:46,onSubmit
FN:60,(anonymous_6)
FN:91,onSubmit
FN:109,mapStateToProps
FN:122,mapDispatchToProps
FNF:6
FNH:3
FNDA:4,ServerPage
FNDA:0,onSubmit
FNDA:3,(anonymous_6)
FNDA:0,onSubmit
FNDA:0,mapStateToProps
FNDA:0,mapDispatchToProps
DA:63,3
DA:66,3
DA:96,0
LF:3
LH:2
BRDA:59,1,0,4
BRDA:63,2,0,1
BRDA:63,2,1,2
BRDA:66,3,0,1
BRDA:66,3,1,2
BRDA:96,4,0,0
BRDA:96,4,1,0
BRDA:96,5,0,0
BRDA:96,5,1,0
BRF:9
BRH:5
end_of_record
TN:
SF:/Users/fhenri/red-tetris/src/client/components/spectre/index.js
FN:12,spectreGame
FN:28,(anonymous_3)
FN:32,(anonymous_4)
FNF:3
FNH:3
FNDA:1,spectreGame
FNDA:6,(anonymous_3)
FNDA:40,(anonymous_4)
DA:33,40
LF:1
LH:1
BRDA:29,1,0,1
BRDA:29,1,1,5
BRDA:30,2,0,5
BRDA:30,2,1,0
BRDA:30,3,0,5
BRDA:30,3,1,0
BRDA:33,4,0,23
BRDA:33,4,1,17
BRDA:44,5,0,1
BRDA:44,5,1,0
BRDA:45,6,0,1
BRF:11
BRH:8
end_of_record
TN:
SF:/Users/fhenri/red-tetris/src/client/containers/app.js
FN:12,App
FN:81,mapStateToProps
FN:97,mapDispatchToProps
FNF:3
FNH:2
FNDA:5,App
FNDA:0,mapStateToProps
FNDA:0,mapDispatchToProps
LF:0
LH:0
BRDA:24,1,0,5
BRDA:24,1,1,5
BRDA:26,2,0,5
BRDA:26,2,1,4
BRDA:27,3,0,5
BRDA:27,3,1,4
BRDA:28,4,0,5
BRDA:28,4,1,4
BRDA:28,4,2,2
BRDA:29,5,0,5
BRDA:29,5,1,4
BRDA:29,5,2,2
BRDA:31,6,0,1
BRDA:31,6,1,4
BRDA:42,7,0,5
BRDA:42,7,1,1
BRDA:47,8,0,5
BRDA:47,8,1,4
BRDA:54,9,0,5
BRDA:54,9,1,0
BRDA:56,10,0,0
BRDA:56,10,1,0
BRDA:57,11,0,0
BRDA:61,12,0,5
BRDA:61,12,1,1
BRDA:62,13,0,5
BRDA:62,13,1,1
BRDA:64,14,0,5
BRDA:66,15,0,0
BRDA:66,15,1,0
BRDA:67,16,0,0
BRDA:85,17,0,0
BRDA:85,17,1,0
BRDA:86,18,0,0
BRDA:86,18,1,0
BRF:35
BRH:28
end_of_record
TN:
SF:/Users/fhenri/red-tetris/src/client/helper.js
FN:4,isGameLost
FN:7,(anonymous_3)
FN:17,isPossible
FN:20,(anonymous_5)
FN:21,(anonymous_6)
FN:41,newLine
FN:50,lineDestroyer
FN:54,(anonymous_10)
FN:56,(anonymous_11)
FN:78,isPiece
FN:86,rotate
FN:88,(anonymous_14)
FN:89,(anonymous_15)
FN:97,pieceToBoard
FN:100,(anonymous_18)
FN:101,(anonymous_19)
FN:115,updateSpectre
FN:118,(anonymous_22)
FN:120,(anonymous_23)
FNF:19
FNH:18
FNDA:2,isGameLost
FNDA:10,(anonymous_3)
FNDA:2,isPossible
FNDA:6,(anonymous_5)
FNDA:22,(anonymous_6)
FNDA:0,newLine
FNDA:1,lineDestroyer
FNDA:6,(anonymous_10)
FNDA:48,(anonymous_11)
FNDA:50,isPiece
FNDA:1,rotate
FNDA:4,(anonymous_14)
FNDA:16,(anonymous_15)
FNDA:1,pieceToBoard
FNDA:6,(anonymous_18)
FNDA:48,(anonymous_19)
FNDA:1,updateSpectre
FNDA:6,(anonymous_22)
FNDA:48,(anonymous_23)
DA:5,2
DA:8,10
DA:19,2
DA:27,22
DA:28,22
DA:30,22
DA:41,2
DA:43,0
DA:51,1
DA:57,48
DA:59,6
DA:63,1
DA:64,1
DA:65,0
DA:81,50
DA:82,1
DA:90,16
DA:98,1
DA:102,48
DA:116,1
DA:121,48
LF:21
LH:19
BRDA:8,1,0,1
BRDA:8,1,1,9
BRDA:8,2,0,10
BRDA:8,2,1,10
BRDA:27,3,0,0
BRDA:27,3,1,22
BRDA:27,4,0,22
BRDA:27,4,1,22
BRDA:27,4,2,22
BRDA:28,5,0,9
BRDA:28,5,1,13
BRDA:28,6,0,22
BRDA:28,6,1,22
BRDA:28,6,2,22
BRDA:28,6,3,22
BRDA:30,7,0,1
BRDA:30,7,1,21
BRDA:30,8,0,22
BRDA:30,8,1,5
BRDA:30,8,2,5
BRDA:57,9,0,7
BRDA:57,9,1,41
BRDA:57,10,0,48
BRDA:57,10,1,7
BRDA:59,11,0,0
BRDA:59,11,1,6
BRDA:63,12,0,0
BRDA:63,12,1,1
BRDA:64,13,0,0
BRDA:64,13,1,1
BRDA:81,14,0,49
BRDA:81,14,1,1
BRDA:81,15,0,50
BRDA:81,15,1,1
BRDA:81,15,2,1
BRDA:81,15,3,1
BRDA:82,16,0,1
BRDA:82,16,1,0
BRDA:90,17,0,4
BRDA:90,17,1,12
BRDA:102,18,0,0
BRDA:102,18,1,48
BRDA:102,19,0,48
BRDA:102,19,1,0
BRDA:102,19,2,0
BRDA:102,19,3,0
BRDA:102,19,4,0
BRDA:121,20,0,48
BRDA:121,20,1,0
BRF:49
BRH:38
end_of_record
TN:
SF:/Users/fhenri/red-tetris/src/client/index.js
FNF:0
FNH:0
LF:0
LH:0
BRDA:30,1,0,0
BRDA:30,1,1,0
BRF:2
BRH:0
end_of_record
TN:
SF:/Users/fhenri/red-tetris/src/client/middleware/socketIoMiddleWare.js
FN:4,parseUrl
FN:10,(anonymous_4)
FN:12,(anonymous_6)
FNF:3
FNH:1
FNDA:0,parseUrl
FNDA:1,(anonymous_4)
FNDA:0,(anonymous_6)
DA:11,1
DA:13,0
DA:16,0
DA:20,0
LF:4
LH:1
BRDA:6,1,0,0
BRDA:6,1,1,0
BRDA:7,2,0,0
BRDA:7,2,1,0
BRDA:11,3,0,1
BRDA:11,3,1,0
BRDA:13,4,0,0
BRDA:13,4,1,0
BRDA:16,5,0,0
BRDA:16,5,1,0
BRDA:20,6,0,0
BRDA:20,6,1,0
BRDA:20,7,0,0
BRDA:20,7,1,0
BRDA:20,7,2,0
BRF:15
BRH:1
end_of_record
TN:
SF:/Users/fhenri/red-tetris/src/client/reducers/index.js
FN:4,creatTab
FN:17,newLine
FN:23,putMalusToBoard
FN:43,reducer
FNF:4
FNH:3
FNDA:1,creatTab
FNDA:0,newLine
FNDA:1,putMalusToBoard
FNDA:19,reducer
DA:4,2
DA:6,1
DA:9,21
DA:19,0
DA:25,1
DA:54,1
LF:6
LH:5
BRDA:43,1,0,19
BRDA:43,1,1,0
BRDA:43,2,0,19
BRDA:43,2,1,19
BRDA:45,3,0,1
BRDA:45,3,1,1
BRDA:45,3,2,0
BRDA:45,3,3,1
BRDA:45,3,4,1
BRDA:45,3,5,1
BRDA:45,3,6,1
BRDA:45,3,7,1
BRDA:45,3,8,1
BRDA:45,3,9,1
BRDA:45,3,10,1
BRDA:45,3,11,1
BRDA:45,3,12,1
BRDA:45,3,13,1
BRDA:45,3,14,1
BRDA:45,3,15,0
BRDA:45,3,16,1
BRDA:45,3,17,1
BRDA:45,3,18,1
BRDA:45,3,19,2
BRDA:54,4,0,1
BRDA:54,4,1,0
BRF:26
BRH:22
end_of_record
TN:
SF:/Users/fhenri/red-tetris/src/server/controllers/Game.controller.js
FN:113,(anonymous_28)
FN:116,(anonymous_29)
FN:120,(anonymous_30)
FNF:3
FNH:2
FNDA:32,(anonymous_28)
FNDA:0,(anonymous_29)
FNDA:4,(anonymous_30)
DA:121,4
LF:1
LH:1
BRDA:121,1,0,0
BRDA:121,1,1,4
BRF:2
BRH:1
end_of_record
TN:
SF:/Users/fhenri/red-tetris/src/server/controllers/Piece.controller.js
FN:53,rotate
FN:55,(anonymous_3)
FN:56,(anonymous_4)
FNF:3
FNH:3
FNDA:157,rotate
FNDA:517,(anonymous_3)
FNDA:1735,(anonymous_4)
DA:57,1735
DA:78,62
LF:2
LH:2
BRDA:57,1,0,517
BRDA:57,1,1,1218
BRF:2
BRH:2
end_of_record
TN:
SF:/Users/fhenri/red-tetris/src/server/controllers/Player.controller.js
FNF:0
FNH:0
DA:15,6
LF:1
LH:1
BRF:0
BRH:0
end_of_record
TN:
SF:/Users/fhenri/red-tetris/src/server/event/index.js
FN:6,(anonymous_2)
FN:53,(anonymous_21)
FN:69,addMalusToSpectre
FN:70,(anonymous_24)
FN:87,(anonymous_33)
FN:113,(anonymous_41)
FN:150,(anonymous_49)
FN:184,(anonymous_57)
FN:203,(anonymous_64)
FN:233,(anonymous_71)
FNF:10
FNH:7
FNDA:8,(anonymous_2)
FNDA:1,(anonymous_21)
FNDA:0,addMalusToSpectre
FNDA:0,(anonymous_24)
FNDA:1,(anonymous_33)
FNDA:1,(anonymous_41)
FNDA:0,(anonymous_49)
FNDA:6,(anonymous_57)
FNDA:1,(anonymous_64)
FNDA:1,(anonymous_71)
DA:27,1
DA:42,1
DA:43,1
DA:44,1
DA:46,1
DA:47,1
DA:48,1
DA:52,1
DA:72,0
DA:79,1
DA:80,1
DA:81,1
DA:83,1
DA:86,1
DA:105,1
DA:106,1
DA:107,1
DA:108,1
DA:111,1
DA:133,5
DA:134,4
DA:135,4
DA:139,4
DA:142,0
DA:143,0
DA:144,0
DA:148,0
DA:170,7
DA:171,7
DA:174,6
DA:182,6
DA:183,6
DA:202,1
DA:224,1
DA:225,1
DA:226,1
DA:229,0
DA:232,1
LF:38
LH:32
BRDA:47,1,0,1
BRDA:47,1,1,0
BRDA:47,2,0,1
BRDA:47,2,1,0
BRDA:47,2,2,1
BRDA:48,3,0,0
BRDA:48,3,1,1
BRDA:72,4,0,0
BRDA:72,4,1,0
BRDA:90,5,0,1
BRDA:90,5,1,0
BRDA:90,6,0,0
BRDA:90,6,1,1
BRDA:129,7,0,4
BRDA:129,7,1,0
BRDA:143,8,0,0
BRDA:143,8,1,0
BRDA:143,9,0,0
BRDA:143,9,1,0
BRDA:143,9,2,0
BRDA:144,10,0,0
BRDA:144,10,1,0
BRDA:168,11,0,1
BRDA:168,11,1,6
BRDA:168,12,0,7
BRDA:168,12,1,0
BRDA:168,13,0,6
BRDA:168,13,1,1
BRDA:168,14,0,6
BRDA:168,14,1,0
BRDA:221,15,0,1
BRDA:221,15,1,0
BRF:32
BRH:14
end_of_record
TN:
SF:/Users/fhenri/red-tetris/src/server/main.js
FN:27,(anonymous_2)
FN:34,(anonymous_4)
FN:38,(anonymous_5)
FN:45,(anonymous_6)
FNF:4
FNH:3
FNDA:0,(anonymous_2)
FNDA:8,(anonymous_4)
FNDA:1,(anonymous_5)
FNDA:1,(anonymous_6)
LF:0
LH:0
BRDA:13,1,0,1
BRDA:13,1,1,0
BRF:2
BRH:1
end_of_record
TN:
SF:/Users/fhenri/red-tetris/src/server/models/Game.model.js
FN:13,(anonymous_2)
FNF:1
FNH:1
FNDA:31,(anonymous_2)
LF:0
LH:0
BRF:0
BRH:0
end_of_record
TN:
SF:/Users/fhenri/red-tetris/src/server/models/Piece.model.js
FN:12,(anonymous_2)
FNF:1
FNH:1
FNDA:62,(anonymous_2)
LF:0
LH:0
BRF:0
BRH:0
end_of_record
TN:
SF:/Users/fhenri/red-tetris/src/server/models/Player.model.js
FN:18,(anonymous_2)
FNF:1
FNH:1
FNDA:19,(anonymous_2)
LF:0
LH:0
BRF:0
BRH:0
end_of_record
